<?xml version="1.0" encoding="UTF-8"?>
<!-- Generated by org.testng.reporters.JUnitXMLReporter -->
<testsuite ignored="0" hostname="DESKTOP-IIDKI3E" failures="0" tests="7" name="Test" time="18.002" errors="0" timestamp="2022-04-13T22:49:35 IST">
  <testcase classname="rest_first.Test_02_POST" name="Test2_POST" time="7.404"/>
  <testcase classname="rest_first.Test_03_PUT" name="Test3_PUT" time="0.868"/>
  <testcase classname="rest_first.Test_01_GET" name="Test_01_Get" time="5.3"/>
  <testcase classname="rest_first.Test_1_intro" name="test_1" time="0.463"/>
  <testcase classname="rest_first.Test_1_intro" name="test_2" time="2.477"/>
  <testcase classname="rest_first.Test_04_PATCH" name="Test_4_PATCH" time="0.701"/>
  <testcase classname="rest_first.Test_05_DELETE" name="Test5_DELETE" time="0.631"/>
</testsuite> <!-- Test -->
