<?xml version="1.0" encoding="UTF-8"?>
<testng-results ignored="0" total="7" passed="7" failed="0" skipped="0">
  <reporter-output>
  </reporter-output>
  <suite started-at="2022-04-13T22:49:17 IST" name="Suite" finished-at="2022-04-13T22:49:35 IST" duration-ms="18002">
    <groups>
    </groups>
    <test started-at="2022-04-13T22:49:17 IST" name="Test" finished-at="2022-04-13T22:49:35 IST" duration-ms="18002">
      <class name="rest_first.Test_1_intro">
        <test-method signature="test_1()[pri:0, instance:rest_first.Test_1_intro@5ace1ed4]" started-at="2022-04-13T22:49:30 IST" name="test_1" finished-at="2022-04-13T22:49:31 IST" duration-ms="463" status="PASS">
          <reporter-output>
          </reporter-output>
        </test-method> <!-- test_1 -->
        <test-method signature="test_2()[pri:0, instance:rest_first.Test_1_intro@5ace1ed4]" started-at="2022-04-13T22:49:31 IST" name="test_2" finished-at="2022-04-13T22:49:33 IST" duration-ms="2477" status="PASS">
          <reporter-output>
          </reporter-output>
        </test-method> <!-- test_2 -->
      </class> <!-- rest_first.Test_1_intro -->
      <class name="rest_first.Test_02_POST">
        <test-method signature="Test2_POST()[pri:0, instance:rest_first.Test_02_POST@2cd2a21f]" started-at="2022-04-13T22:49:17 IST" name="Test2_POST" finished-at="2022-04-13T22:49:24 IST" duration-ms="7404" status="PASS">
          <reporter-output>
          </reporter-output>
        </test-method> <!-- Test2_POST -->
      </class> <!-- rest_first.Test_02_POST -->
      <class name="rest_first.Test_03_PUT">
        <test-method signature="Test3_PUT()[pri:0, instance:rest_first.Test_03_PUT@b62d79]" started-at="2022-04-13T22:49:24 IST" name="Test3_PUT" finished-at="2022-04-13T22:49:25 IST" duration-ms="868" status="PASS">
          <reporter-output>
          </reporter-output>
        </test-method> <!-- Test3_PUT -->
      </class> <!-- rest_first.Test_03_PUT -->
      <class name="rest_first.Test_01_GET">
        <test-method signature="Test_01_Get()[pri:0, instance:rest_first.Test_01_GET@6631f5ca]" started-at="2022-04-13T22:49:25 IST" name="Test_01_Get" finished-at="2022-04-13T22:49:30 IST" duration-ms="5300" status="PASS">
          <reporter-output>
          </reporter-output>
        </test-method> <!-- Test_01_Get -->
      </class> <!-- rest_first.Test_01_GET -->
      <class name="rest_first.Test_04_PATCH">
        <test-method signature="Test_4_PATCH()[pri:0, instance:rest_first.Test_04_PATCH@1613674b]" started-at="2022-04-13T22:49:33 IST" name="Test_4_PATCH" finished-at="2022-04-13T22:49:34 IST" duration-ms="701" status="PASS">
          <reporter-output>
          </reporter-output>
        </test-method> <!-- Test_4_PATCH -->
      </class> <!-- rest_first.Test_04_PATCH -->
      <class name="rest_first.Test_05_DELETE">
        <test-method signature="Test5_DELETE()[pri:0, instance:rest_first.Test_05_DELETE@27ff5d15]" started-at="2022-04-13T22:49:34 IST" name="Test5_DELETE" finished-at="2022-04-13T22:49:35 IST" duration-ms="631" status="PASS">
          <reporter-output>
          </reporter-output>
        </test-method> <!-- Test5_DELETE -->
      </class> <!-- rest_first.Test_05_DELETE -->
    </test> <!-- Test -->
  </suite> <!-- Suite -->
</testng-results>
